  Programlamaya Giris Odev 1 (Ogrenci Bilgileri ile Islemler).cpp
C:\Users\Sen\source\repos\Programlamaya Giris Odev 1 (Ogrenci Bilgileri ile Islemler)\Programlamaya Giris Odev 1 (Ogrenci Bilgileri ile Islemler).cpp(232,19): warning C4244: '=': 'float' - 'int' dönüşümü; veri kaybı olabilir
C:\Users\Sen\source\repos\Programlamaya Giris Odev 1 (Ogrenci Bilgileri ile Islemler)\Programlamaya Giris Odev 1 (Ogrenci Bilgileri ile Islemler).cpp(235,19): warning C4244: '=': 'float' - 'int' dönüşümü; veri kaybı olabilir
C:\Users\Sen\source\repos\Programlamaya Giris Odev 1 (Ogrenci Bilgileri ile Islemler)\Programlamaya Giris Odev 1 (Ogrenci Bilgileri ile Islemler).cpp(270,17): warning C4244: '=': 'float' - 'int' dönüşümü; veri kaybı olabilir
C:\Users\Sen\source\repos\Programlamaya Giris Odev 1 (Ogrenci Bilgileri ile Islemler)\Programlamaya Giris Odev 1 (Ogrenci Bilgileri ile Islemler).cpp(301,17): warning C4244: '=': 'float' - 'int' dönüşümü; veri kaybı olabilir
C:\Users\Sen\source\repos\Programlamaya Giris Odev 1 (Ogrenci Bilgileri ile Islemler)\Programlamaya Giris Odev 1 (Ogrenci Bilgileri ile Islemler).cpp(438,13): warning C4244: 'bağımsız değişken': 'time_t' - 'unsigned int' dönüşümü; veri kaybı olabilir
C:\Users\Sen\source\repos\Programlamaya Giris Odev 1 (Ogrenci Bilgileri ile Islemler)\Programlamaya Giris Odev 1 (Ogrenci Bilgileri ile Islemler).cpp(449,17): warning C4244: 'başlatılıyor': 'int' - 'float' dönüşümü; veri kaybı olabilir
C:\Users\Sen\source\repos\Programlamaya Giris Odev 1 (Ogrenci Bilgileri ile Islemler)\Programlamaya Giris Odev 1 (Ogrenci Bilgileri ile Islemler).cpp(464,37): warning C4244: '=': 'int' - 'float' dönüşümü; veri kaybı olabilir
C:\Users\Sen\source\repos\Programlamaya Giris Odev 1 (Ogrenci Bilgileri ile Islemler)\Programlamaya Giris Odev 1 (Ogrenci Bilgileri ile Islemler).cpp(466,37): warning C4244: '=': 'int' - 'float' dönüşümü; veri kaybı olabilir
C:\Users\Sen\source\repos\Programlamaya Giris Odev 1 (Ogrenci Bilgileri ile Islemler)\Programlamaya Giris Odev 1 (Ogrenci Bilgileri ile Islemler).cpp(468,31): warning C4244: '=': 'int' - 'float' dönüşümü; veri kaybı olabilir
C:\Users\Sen\source\repos\Programlamaya Giris Odev 1 (Ogrenci Bilgileri ile Islemler)\Programlamaya Giris Odev 1 (Ogrenci Bilgileri ile Islemler).cpp(470,31): warning C4244: '=': 'int' - 'float' dönüşümü; veri kaybı olabilir
C:\Users\Sen\source\repos\Programlamaya Giris Odev 1 (Ogrenci Bilgileri ile Islemler)\Programlamaya Giris Odev 1 (Ogrenci Bilgileri ile Islemler).cpp(472,31): warning C4244: '=': 'int' - 'float' dönüşümü; veri kaybı olabilir
C:\Users\Sen\source\repos\Programlamaya Giris Odev 1 (Ogrenci Bilgileri ile Islemler)\Programlamaya Giris Odev 1 (Ogrenci Bilgileri ile Islemler).cpp(474,30): warning C4244: '=': 'int' - 'float' dönüşümü; veri kaybı olabilir
C:\Users\Sen\source\repos\Programlamaya Giris Odev 1 (Ogrenci Bilgileri ile Islemler)\Programlamaya Giris Odev 1 (Ogrenci Bilgileri ile Islemler).cpp(476,31): warning C4244: '=': 'int' - 'float' dönüşümü; veri kaybı olabilir
C:\Users\Sen\source\repos\Programlamaya Giris Odev 1 (Ogrenci Bilgileri ile Islemler)\Programlamaya Giris Odev 1 (Ogrenci Bilgileri ile Islemler).cpp(482,42): warning C4244: '=': 'int' - 'float' dönüşümü; veri kaybı olabilir
C:\Users\Sen\source\repos\Programlamaya Giris Odev 1 (Ogrenci Bilgileri ile Islemler)\Programlamaya Giris Odev 1 (Ogrenci Bilgileri ile Islemler).cpp(484,42): warning C4244: '=': 'int' - 'float' dönüşümü; veri kaybı olabilir
C:\Users\Sen\source\repos\Programlamaya Giris Odev 1 (Ogrenci Bilgileri ile Islemler)\Programlamaya Giris Odev 1 (Ogrenci Bilgileri ile Islemler).cpp(486,36): warning C4244: '=': 'int' - 'float' dönüşümü; veri kaybı olabilir
C:\Users\Sen\source\repos\Programlamaya Giris Odev 1 (Ogrenci Bilgileri ile Islemler)\Programlamaya Giris Odev 1 (Ogrenci Bilgileri ile Islemler).cpp(488,36): warning C4244: '=': 'int' - 'float' dönüşümü; veri kaybı olabilir
C:\Users\Sen\source\repos\Programlamaya Giris Odev 1 (Ogrenci Bilgileri ile Islemler)\Programlamaya Giris Odev 1 (Ogrenci Bilgileri ile Islemler).cpp(490,36): warning C4244: '=': 'int' - 'float' dönüşümü; veri kaybı olabilir
C:\Users\Sen\source\repos\Programlamaya Giris Odev 1 (Ogrenci Bilgileri ile Islemler)\Programlamaya Giris Odev 1 (Ogrenci Bilgileri ile Islemler).cpp(492,35): warning C4244: '=': 'int' - 'float' dönüşümü; veri kaybı olabilir
C:\Users\Sen\source\repos\Programlamaya Giris Odev 1 (Ogrenci Bilgileri ile Islemler)\Programlamaya Giris Odev 1 (Ogrenci Bilgileri ile Islemler).cpp(494,36): warning C4244: '=': 'int' - 'float' dönüşümü; veri kaybı olabilir
C:\Users\Sen\source\repos\Programlamaya Giris Odev 1 (Ogrenci Bilgileri ile Islemler)\Programlamaya Giris Odev 1 (Ogrenci Bilgileri ile Islemler).cpp(500,42): warning C4244: '=': 'int' - 'float' dönüşümü; veri kaybı olabilir
C:\Users\Sen\source\repos\Programlamaya Giris Odev 1 (Ogrenci Bilgileri ile Islemler)\Programlamaya Giris Odev 1 (Ogrenci Bilgileri ile Islemler).cpp(502,42): warning C4244: '=': 'int' - 'float' dönüşümü; veri kaybı olabilir
C:\Users\Sen\source\repos\Programlamaya Giris Odev 1 (Ogrenci Bilgileri ile Islemler)\Programlamaya Giris Odev 1 (Ogrenci Bilgileri ile Islemler).cpp(504,36): warning C4244: '=': 'int' - 'float' dönüşümü; veri kaybı olabilir
C:\Users\Sen\source\repos\Programlamaya Giris Odev 1 (Ogrenci Bilgileri ile Islemler)\Programlamaya Giris Odev 1 (Ogrenci Bilgileri ile Islemler).cpp(506,36): warning C4244: '=': 'int' - 'float' dönüşümü; veri kaybı olabilir
C:\Users\Sen\source\repos\Programlamaya Giris Odev 1 (Ogrenci Bilgileri ile Islemler)\Programlamaya Giris Odev 1 (Ogrenci Bilgileri ile Islemler).cpp(508,36): warning C4244: '=': 'int' - 'float' dönüşümü; veri kaybı olabilir
C:\Users\Sen\source\repos\Programlamaya Giris Odev 1 (Ogrenci Bilgileri ile Islemler)\Programlamaya Giris Odev 1 (Ogrenci Bilgileri ile Islemler).cpp(510,35): warning C4244: '=': 'int' - 'float' dönüşümü; veri kaybı olabilir
C:\Users\Sen\source\repos\Programlamaya Giris Odev 1 (Ogrenci Bilgileri ile Islemler)\Programlamaya Giris Odev 1 (Ogrenci Bilgileri ile Islemler).cpp(512,36): warning C4244: '=': 'int' - 'float' dönüşümü; veri kaybı olabilir
C:\Users\Sen\source\repos\Programlamaya Giris Odev 1 (Ogrenci Bilgileri ile Islemler)\Programlamaya Giris Odev 1 (Ogrenci Bilgileri ile Islemler).cpp(518,42): warning C4244: '=': 'int' - 'float' dönüşümü; veri kaybı olabilir
C:\Users\Sen\source\repos\Programlamaya Giris Odev 1 (Ogrenci Bilgileri ile Islemler)\Programlamaya Giris Odev 1 (Ogrenci Bilgileri ile Islemler).cpp(520,42): warning C4244: '=': 'int' - 'float' dönüşümü; veri kaybı olabilir
C:\Users\Sen\source\repos\Programlamaya Giris Odev 1 (Ogrenci Bilgileri ile Islemler)\Programlamaya Giris Odev 1 (Ogrenci Bilgileri ile Islemler).cpp(522,36): warning C4244: '=': 'int' - 'float' dönüşümü; veri kaybı olabilir
C:\Users\Sen\source\repos\Programlamaya Giris Odev 1 (Ogrenci Bilgileri ile Islemler)\Programlamaya Giris Odev 1 (Ogrenci Bilgileri ile Islemler).cpp(524,36): warning C4244: '=': 'int' - 'float' dönüşümü; veri kaybı olabilir
C:\Users\Sen\source\repos\Programlamaya Giris Odev 1 (Ogrenci Bilgileri ile Islemler)\Programlamaya Giris Odev 1 (Ogrenci Bilgileri ile Islemler).cpp(526,36): warning C4244: '=': 'int' - 'float' dönüşümü; veri kaybı olabilir
C:\Users\Sen\source\repos\Programlamaya Giris Odev 1 (Ogrenci Bilgileri ile Islemler)\Programlamaya Giris Odev 1 (Ogrenci Bilgileri ile Islemler).cpp(528,35): warning C4244: '=': 'int' - 'float' dönüşümü; veri kaybı olabilir
C:\Users\Sen\source\repos\Programlamaya Giris Odev 1 (Ogrenci Bilgileri ile Islemler)\Programlamaya Giris Odev 1 (Ogrenci Bilgileri ile Islemler).cpp(530,36): warning C4244: '=': 'int' - 'float' dönüşümü; veri kaybı olabilir
  Programlamaya Giris Odev 1 (Ogrenci Bilgileri ile Islemler).vcxproj -> C:\Users\Sen\source\repos\Programlamaya Giris Odev 1 (Ogrenci Bilgileri ile Islemler)\Debug\Programlamaya Giris Odev 1 (Ogrenci Bilgileri ile Islemler).exe
